  Scene.cpp
  Time.cpp
C:\Users\wheni\Desktop\My Stuff\Solutions\TheNumber1Game-3D\3DGame\3DGame\3DGame\src\Time.h(14,30): warning C4244:  'initializing': conversion from 'double' to 'float', possible loss of data
  Camera.cpp
  Input.cpp
  Main.cpp
C:\Users\wheni\Desktop\My Stuff\Solutions\TheNumber1Game-3D\3DGame\3DGame\3DGame\src\Time.cpp(5,20): warning C4244:  '=': conversion from 'double' to 'float', possible loss of data
C:\Users\wheni\Desktop\My Stuff\Solutions\TheNumber1Game-3D\3DGame\3DGame\3DGame\src\Time.h(14,30): warning C4244:  'initializing': conversion from 'double' to 'float', possible loss of data
C:\Users\wheni\Desktop\My Stuff\Solutions\TheNumber1Game-3D\3DGame\3DGame\3DGame\src\Main.cpp(39,23): warning C4018:  '<': signed/unsigned mismatch
C:\Users\wheni\Desktop\My Stuff\Solutions\TheNumber1Game-3D\3DGame\3DGame\3DGame\src\Main.cpp(41,24): warning C4018:  '<': signed/unsigned mismatch
  Renderer2D.cpp
C:\Users\wheni\Desktop\My Stuff\Solutions\TheNumber1Game-3D\3DGame\3DGame\3DGame\src\Main.cpp(43,25): warning C4018:  '<': signed/unsigned mismatch
  Shader.cpp
  Shapes.cpp
  Texture.cpp
  glm.cpp
  WindowCreation.cpp
C:\Users\wheni\Desktop\My Stuff\Solutions\TheNumber1Game-3D\3DGame\3DGame\3DGame\src\Time.h(14,30): warning C4244:  'initializing': conversion from 'double' to 'float', possible loss of data
C:\Users\wheni\Desktop\My Stuff\Solutions\TheNumber1Game-3D\3DGame\3DGame\3DGame\src\WindowCreation.cpp(37,52): warning C4244:  'argument': conversion from 'T' to 'int', possible loss of data
C:\Users\wheni\Desktop\My Stuff\Solutions\TheNumber1Game-3D\3DGame\3DGame\3DGame\src\WindowCreation.cpp(37,52): warning C4244:         with
C:\Users\wheni\Desktop\My Stuff\Solutions\TheNumber1Game-3D\3DGame\3DGame\3DGame\src\WindowCreation.cpp(37,52): warning C4244:         [
C:\Users\wheni\Desktop\My Stuff\Solutions\TheNumber1Game-3D\3DGame\3DGame\3DGame\src\WindowCreation.cpp(37,52): warning C4244:             T=float
C:\Users\wheni\Desktop\My Stuff\Solutions\TheNumber1Game-3D\3DGame\3DGame\3DGame\src\WindowCreation.cpp(37,52): warning C4244:         ]
C:\Users\wheni\Desktop\My Stuff\Solutions\TheNumber1Game-3D\3DGame\3DGame\3DGame\src\WindowCreation.cpp(37,38): warning C4244:  'argument': conversion from 'T' to 'int', possible loss of data
C:\Users\wheni\Desktop\My Stuff\Solutions\TheNumber1Game-3D\3DGame\3DGame\3DGame\src\WindowCreation.cpp(37,38): warning C4244:         with
C:\Users\wheni\Desktop\My Stuff\Solutions\TheNumber1Game-3D\3DGame\3DGame\3DGame\src\WindowCreation.cpp(37,38): warning C4244:         [
C:\Users\wheni\Desktop\My Stuff\Solutions\TheNumber1Game-3D\3DGame\3DGame\3DGame\src\WindowCreation.cpp(37,38): warning C4244:             T=float
C:\Users\wheni\Desktop\My Stuff\Solutions\TheNumber1Game-3D\3DGame\3DGame\3DGame\src\WindowCreation.cpp(37,38): warning C4244:         ]
C:\Users\wheni\Desktop\My Stuff\Solutions\TheNumber1Game-3D\3DGame\3DGame\3DGame\src\WindowCreation.cpp(44,43): warning C4244:  'argument': conversion from 'T' to 'GLsizei', possible loss of data
C:\Users\wheni\Desktop\My Stuff\Solutions\TheNumber1Game-3D\3DGame\3DGame\3DGame\src\WindowCreation.cpp(44,43): warning C4244:         with
C:\Users\wheni\Desktop\My Stuff\Solutions\TheNumber1Game-3D\3DGame\3DGame\3DGame\src\WindowCreation.cpp(44,43): warning C4244:         [
C:\Users\wheni\Desktop\My Stuff\Solutions\TheNumber1Game-3D\3DGame\3DGame\3DGame\src\WindowCreation.cpp(44,43): warning C4244:             T=float
C:\Users\wheni\Desktop\My Stuff\Solutions\TheNumber1Game-3D\3DGame\3DGame\3DGame\src\WindowCreation.cpp(44,43): warning C4244:         ]
  Generating Code...
C:\Users\wheni\Desktop\My Stuff\Solutions\TheNumber1Game-3D\3DGame\3DGame\3DGame\src\WindowCreation.cpp(44,29): warning C4244:  'argument': conversion from 'T' to 'GLsizei', possible loss of data
C:\Users\wheni\Desktop\My Stuff\Solutions\TheNumber1Game-3D\3DGame\3DGame\3DGame\src\WindowCreation.cpp(44,29): warning C4244:         with
C:\Users\wheni\Desktop\My Stuff\Solutions\TheNumber1Game-3D\3DGame\3DGame\3DGame\src\WindowCreation.cpp(44,29): warning C4244:         [
C:\Users\wheni\Desktop\My Stuff\Solutions\TheNumber1Game-3D\3DGame\3DGame\3DGame\src\WindowCreation.cpp(44,29): warning C4244:             T=float
C:\Users\wheni\Desktop\My Stuff\Solutions\TheNumber1Game-3D\3DGame\3DGame\3DGame\src\WindowCreation.cpp(44,29): warning C4244:         ]
  3DGame.vcxproj -> C:\Users\wheni\Desktop\My Stuff\Solutions\TheNumber1Game-3D\3DGame\3DGame\bin/build/Debug/3DGame.exe
